<?xml version="1.0" encoding="UTF-8"?>
<testsuite xmlns:xsi="http://www.w3.org/2001/XMLSchema-instance" xsi:noNamespaceSchemaLocation="https://maven.apache.org/surefire/maven-failsafe-plugin/xsd/failsafe-test-report.xsd" name="inetum.runners.CucumberTestRunner" time="121.056" tests="9" errors="0" skipped="0" failures="0">
  <properties>
[...]
</properties>
  <testcase name="Inicio de sesión exitoso con credenciales válidas #1" classname="Funcionalidad de Login para E-commerce de Sauce Demo" time="13.186"/>
  <testcase name="Inicio de sesión exitoso con credenciales válidas #2" classname="Funcionalidad de Login para E-commerce de Sauce Demo" time="9.499"/>
  <testcase name="Inicio de sesión exitoso con credenciales válidas #3" classname="Funcionalidad de Login para E-commerce de Sauce Demo" time="13.136"/>
  <testcase name="Validar mensaje de error al intentar iniciar sesión con usuario bloqueado o credenciales inválidas #1" classname="Funcionalidad de Login para E-commerce de Sauce Demo" time="7.292"/>
  <testcase name="Validar mensaje de error al intentar iniciar sesión con usuario bloqueado o credenciales inválidas #2" classname="Funcionalidad de Login para E-commerce de Sauce Demo" time="8.296"/>
  <testcase name="Validar mensaje de error al intentar iniciar sesión con usuario bloqueado o credenciales inválidas #3" classname="Funcionalidad de Login para E-commerce de Sauce Demo" time="6.92"/>
  <testcase name="Validar mensaje de error al intentar iniciar sesión con usuario bloqueado o credenciales inválidas #4" classname="Funcionalidad de Login para E-commerce de Sauce Demo" time="7.293"/>
  <testcase name="Realiza compra exitosa de productos en SauceDemo #1" classname="Funcionalidad de compra y gestión del carrito de productos en Sauce Demo" time="25.544"/>
  <testcase name="Realiza compra exitosa de productos en SauceDemo #2" classname="Funcionalidad de compra y gestión del carrito de productos en Sauce Demo" time="25.593"/>
</testsuite>